1:parse successful
2:parse successful
3:missing binary rule (NP{X}\NP{X}) ((NP{X}\NP{X}){Y}\(NP{X}\NP{X}){Y}<249>){Z} (NP\NP) ((NP\NP)\(NP\NP)) (NP\NP)
4:parse successful
5:parse successful
6:parse successful
7:parse successful
8:parse successful
9:parse successful
10:parse successful
11:parse successful
12:parse successful
13:parse successful
14:parse successful
15:parse successful
16:parse successful
17:parse successful
18:parse successful
19:parse successful
20:parse successful
21:parse successful
22:parse successful
23:parse successful
24:parse successful
25:parse successful
26:parse successful
27:parse successful
28:parse successful
29:parse successful
30:parse successful
31:parse successful
32:parse successful
33:parse successful
34:parse successful
35:parse successful
36:parse successful
37:parse successful
38:parse successful
39:parse successful
40:parse successful
41:parse successful
42:parse successful
43:parse successful
44:parse successful
45:parse successful
46:parse successful
47:parse successful
48:parse successful
49:parse successful
50:parse successful
51:parse successful
52:parse successful
53:parse successful
54:parse successful
55:parse successful
56:parse successful
57:parse successful
58:parse successful
59:parse successful
60:parse successful
61:parse successful
62:parse successful
63:parse successful
64:parse successful
65:parse successful
66:parse successful
67:parse successful
68:parse successful
69:parse successful
70:parse successful
71:parse successful
72:parse successful
73:parse successful
74:parse successful
75:parse successful
76:missing binary rule ((NP{X}\NP{X}){Y}/(NP{X}\NP{X}){Y}<65>){Z} (NP{X}\NP{X}) ((NP\NP)/(NP\NP)) (NP\NP) (NP\NP)
77:parse successful
78:parse successful
79:parse successful
80:parse successful
81:parse successful
82:parse successful
83:parse successful
84:parse successful
85:parse successful
86:parse successful
87:parse successful
88:parse successful
89:parse successful
90:parse successful
91:parse successful
92:parse successful
93:parse successful
94:parse successful
95:parse successful
96:parse successful
97:parse successful
98:parse successful
99:parse successful
100:parse successful
101:parse successful
102:parse successful
103:parse successful
104:parse successful
105:parse successful
106:parse successful
107:parse successful
108:parse successful
109:parse successful
110:parse successful
111:parse successful
112:parse successful
113:parse successful
114:parse successful
115:parse successful
116:parse successful
117:parse successful
118:parse successful
119:parse successful
120:parse successful
121:parse successful
122:parse successful
123:parse successful
124:parse successful
125:parse successful
126:parse successful
127:parse successful
128:parse successful
129:parse successful
130:parse successful
131:parse successful
132:parse successful
133:parse successful
134:parse successful
135:parse successful
136:parse successful
137:parse successful
138:parse successful
139:parse successful
140:parse successful
141:parse successful
142:parse successful
143:parse successful
144:parse successful
145:parse successful
146:missing binary rule ((NP{X}\NP{X}){Y}/(NP{X}\NP{X}){Y}<65>){Z} (NP{X}\NP{X}) ((NP\NP)/(NP\NP)) (NP\NP) (NP\NP)
147:parse successful
148:parse successful
149:parse successful
150:parse successful
151:parse successful
152:parse successful
153:parse successful
154:parse successful
155:parse successful
156:parse successful
157:parse successful
158:parse successful
159:parse successful
160:parse successful
161:parse successful
162:parse successful
163:parse successful
164:parse successful
165:parse successful
166:parse successful
167:parse successful
168:parse successful
169:parse successful
170:parse successful
171:parse successful
172:parse successful
173:parse successful
174:parse successful
175:parse successful
176:parse successful
177:parse successful
178:parse successful
179:parse successful
180:parse successful
181:parse successful
182:parse successful
183:parse successful
184:parse successful
185:parse successful
186:parse successful
187:parse successful
188:parse successful
189:parse successful
190:parse successful
191:parse successful
192:parse successful
193:parse successful
194:parse successful
195:parse successful
196:parse successful
197:parse successful
198:parse successful
199:parse successful
200:parse successful
201:parse successful
202:parse successful
203:parse successful
204:parse successful
205:parse successful
206:parse successful
207:parse successful
208:parse successful
209:parse successful
210:parse successful
211:parse successful
212:parse successful
213:parse successful
214:parse successful
215:parse successful
216:parse successful
217:parse successful
218:parse successful
219:parse successful
220:parse successful
221:parse successful
222:parse successful
223:parse successful
224:parse successful
225:parse successful
226:parse successful
227:parse successful
228:parse successful
229:parse successful
230:parse successful
231:parse successful
232:parse successful
233:parse successful
234:parse successful
235:parse successful
236:parse successful
237:parse successful
238:parse successful
239:parse successful
240:parse successful
241:parse successful
242:parse successful
243:parse successful
244:parse successful
245:parse successful
246:parse successful
247:parse successful
248:parse successful
249:parse successful
250:parse successful
251:parse successful
252:parse successful
253:parse successful
254:parse successful
255:parse successful
256:parse successful
257:parse successful
258:parse successful
259:parse successful
260:parse successful
261:parse successful
262:parse successful
263:parse successful
264:parse successful
265:parse successful
266:parse successful
267:parse successful
268:parse successful
269:parse successful
270:missing binary rule ((NP{X}\NP{X}){Y}/(NP{X}\NP{X}){Y}<65>){Z} (NP{X}\NP{X}) ((NP\NP)/(NP\NP)) (NP\NP) (NP\NP)
271:parse successful
272:parse successful
273:parse successful
274:parse successful
275:parse successful
276:parse successful
277:parse successful
278:parse successful
279:parse successful
280:parse successful
281:parse successful
282:parse successful
283:parse successful
284:parse successful
285:parse successful
286:parse successful
287:parse successful
288:parse successful
289:parse successful
290:parse successful
291:parse successful
292:parse successful
293:parse successful
294:parse successful
295:parse successful
296:parse successful
297:parse successful
298:parse successful
299:parse successful
300:parse successful
301:parse successful
302:parse successful
303:parse successful
304:parse successful
305:parse successful
306:parse successful
307:parse successful
308:parse successful
309:parse successful
310:parse successful
311:parse successful
312:parse successful
313:parse successful
314:parse successful
315:parse successful
316:parse successful
317:parse successful
318:parse successful
319:parse successful
320:parse successful
321:parse successful
322:parse successful
323:parse successful
324:parse successful
325:parse successful
326:parse successful
327:parse successful
328:parse successful
329:parse successful
330:parse successful
331:parse successful
332:parse successful
333:parse successful
334:parse successful
335:parse successful
336:parse successful
337:parse successful
338:parse successful
339:parse successful
340:parse successful
341:parse successful
342:parse successful
343:parse successful
344:parse successful
345:parse successful
346:parse successful
347:parse successful
348:parse successful
349:parse successful
350:parse successful
351:parse successful
352:parse successful
353:parse successful
354:parse successful
355:parse successful
356:parse successful
357:parse successful
358:parse successful
359:parse successful
360:parse successful
361:parse successful
362:parse successful
363:parse successful
364:parse successful
365:parse successful
366:parse successful
367:parse successful
368:parse successful
369:parse successful
370:parse successful
371:parse successful
372:parse successful
373:parse successful
374:parse successful
375:parse successful
376:parse successful
377:parse successful
378:parse successful
379:parse successful
380:parse successful
381:parse successful
382:parse successful
383:parse successful
384:parse successful
385:parse successful
386:parse successful
387:parse successful
388:parse successful
389:parse successful
390:parse successful
391:parse successful
392:parse successful
393:parse successful
394:parse successful
395:parse successful
396:parse successful
397:parse successful
398:parse successful
399:parse successful
400:parse successful
401:parse successful
402:parse successful
403:parse successful
404:parse successful
405:parse successful
406:parse successful
407:parse successful
408:parse successful
409:parse successful
410:parse successful
411:parse successful
412:parse successful
413:parse successful
414:parse successful
415:parse successful
416:parse successful
417:parse successful
418:parse successful
419:parse successful
420:parse successful
421:parse successful
422:parse successful
423:parse successful
424:parse successful
425:parse successful
426:parse successful
427:parse successful
428:parse successful
429:parse successful
430:parse successful
431:parse successful
432:parse successful
433:parse successful
434:parse successful
435:parse successful
436:parse successful
437:parse successful
438:parse successful
439:parse successful
440:parse successful
441:parse successful
442:parse successful
443:parse successful
444:parse successful
445:parse successful
446:parse successful
447:parse successful
448:parse successful
449:parse successful
450:parse successful
451:parse successful
452:parse successful
453:parse successful
454:parse successful
455:parse successful
456:parse successful
457:parse successful
458:parse successful
459:parse successful
460:parse successful
461:parse successful
462:parse successful
463:parse successful
464:parse successful
465:parse successful
466:parse successful
467:parse successful
468:parse successful
469:parse successful
470:parse successful
471:parse successful
472:parse successful
473:parse successful
474:parse successful
475:parse successful
476:parse successful
477:parse successful
478:parse successful
479:parse successful
480:parse successful
481:parse successful
482:parse successful
483:parse successful
484:parse successful
485:parse successful
486:parse successful
487:parse successful
488:parse successful
489:parse successful
490:parse successful
491:parse successful
492:parse successful
493:parse successful
494:parse successful
495:parse successful
496:parse successful
497:parse successful
498:parse successful
499:parse successful
500:parse successful
501:parse successful
502:parse successful
503:parse successful
504:parse successful
505:parse successful
506:parse successful
507:parse successful
508:parse successful
509:parse successful
510:parse successful
511:parse successful
512:parse successful
513:parse successful
514:parse successful
515:parse successful
516:parse successful
517:parse successful
518:parse successful
519:parse successful
520:parse successful
521:parse successful
522:parse successful
523:parse successful
524:parse successful
525:parse successful
526:parse successful
527:parse successful
528:parse successful
529:parse successful
530:parse successful
531:parse successful
532:parse successful
533:parse successful
534:parse successful
535:parse successful
536:parse successful
537:parse successful
538:parse successful
539:parse successful
540:parse successful
541:parse successful
542:parse successful
543:parse successful
544:parse successful
545:parse successful
546:parse successful
547:parse successful
548:parse successful
549:parse successful
550:parse successful
551:parse successful
552:parse successful
553:parse successful
554:parse successful
555:parse successful
556:parse successful
557:parse successful
558:parse successful
559:parse successful
560:parse successful
561:parse successful
562:parse successful
563:parse successful
564:parse successful
565:parse successful
566:parse successful
567:parse successful
568:parse successful
569:parse successful
570:parse successful
571:parse successful
572:parse successful
573:parse successful
574:parse successful
575:parse successful
576:parse successful
577:parse successful
578:parse successful
579:parse successful
580:parse successful
581:parse successful
582:parse successful
583:parse successful
584:parse successful
585:parse successful
586:parse successful
587:parse successful
588:parse successful
589:parse successful
590:parse successful
591:parse successful
592:parse successful
593:parse successful
594:parse successful
595:parse successful
596:parse successful
597:parse successful
598:parse successful
599:parse successful
600:parse successful
601:parse successful
602:parse successful
603:parse successful
604:parse successful
605:parse successful
606:parse successful
607:parse successful
608:parse successful
609:parse successful
610:parse successful
611:parse successful
612:parse successful
613:parse successful
614:parse successful
615:parse successful
616:parse successful
617:parse successful
618:parse successful
619:parse successful
620:parse successful
621:parse successful
622:parse successful
623:parse successful
624:parse successful
625:parse successful
626:parse successful
627:parse successful
628:parse successful
629:parse successful
630:parse successful
631:parse successful
632:parse successful
633:parse successful
634:parse successful
635:parse successful
636:parse successful
637:parse successful
638:parse successful
639:parse successful
640:parse successful
641:parse successful
642:parse successful
643:parse successful
644:parse successful
645:parse successful
646:parse successful
647:parse successful
648:parse successful
649:parse successful
650:parse successful
651:parse successful
652:parse successful
653:parse successful
654:parse successful
655:parse successful
656:parse successful
657:parse successful
658:parse successful
659:parse successful
660:parse successful
661:parse successful
662:parse successful
663:parse successful
664:parse successful
665:parse successful
666:parse successful
667:parse successful
668:parse successful
669:parse successful
670:parse successful
671:parse successful
672:parse successful
673:parse successful
674:parse successful
675:parse successful
676:parse successful
677:parse successful
678:parse successful
679:parse successful
680:parse successful
681:parse successful
682:parse successful
683:parse successful
684:parse successful
685:parse successful
686:parse successful
687:parse successful
688:parse successful
689:parse successful
690:parse successful
691:parse successful
692:parse successful
693:parse successful
694:parse successful
695:parse successful
696:parse successful
697:parse successful
698:parse successful
699:parse successful
700:parse successful
701:parse successful
702:parse successful
703:parse successful
704:parse successful
705:parse successful
706:parse successful
707:parse successful
708:parse successful
709:parse successful
710:parse successful
711:parse successful
712:parse successful
713:parse successful
714:parse successful
715:parse successful
716:parse successful
717:parse successful
718:parse successful
719:parse successful
720:parse successful
721:parse successful
722:parse successful
723:parse successful
724:parse successful
725:parse successful
726:parse successful
727:parse successful
728:parse successful
729:parse successful
730:parse successful
731:parse successful
732:parse successful
733:parse successful
734:parse successful
735:parse successful
736:parse successful
737:parse successful
738:parse successful
739:parse successful
740:parse successful
741:parse successful
742:parse successful
743:parse successful
744:parse successful
745:parse successful
746:parse successful
747:parse successful
748:parse successful
749:parse successful
750:parse successful
751:parse successful
752:parse successful
753:parse successful
754:parse successful
755:parse successful
756:parse successful
757:parse successful
758:parse successful
759:parse successful
760:parse successful
761:parse successful
762:parse successful
763:parse successful
764:parse successful
765:parse successful
766:parse successful
767:parse successful
768:parse successful
769:parse successful
770:parse successful
771:parse successful
772:parse successful
773:parse successful
774:parse successful
775:parse successful
776:parse successful
777:parse successful
778:parse successful
779:parse successful
780:parse successful
781:parse successful
782:parse successful
783:parse successful
784:parse successful
785:parse successful
786:parse successful
787:parse successful
788:parse successful
789:parse successful
790:parse successful
791:parse successful
792:parse successful
793:parse successful
794:parse successful
795:parse successful
796:parse successful
797:parse successful
798:parse successful
799:parse successful
800:parse successful
801:parse successful
802:parse successful
803:parse successful
804:parse successful
805:parse successful
806:parse successful
807:parse successful
808:parse successful
809:parse successful
810:parse successful
811:parse successful
812:parse successful
813:parse successful
814:parse successful
815:parse successful
816:parse successful
817:parse successful
818:parse successful
819:parse successful
820:parse successful
821:parse successful
822:parse successful
823:parse successful
824:parse successful
825:parse successful
826:parse successful
827:parse successful
828:parse successful
829:parse successful
830:parse successful
831:parse successful
832:parse successful
833:parse successful
834:parse successful
835:parse successful
836:missing binary rule ((NP{X}\NP{X}){Y}/(NP{X}\NP{X}){Y}<65>){Z} (NP{X}\NP{X}) ((NP\NP)/(NP\NP)) (NP[nb]\NP[nb]) (NP[nb]\NP[nb])
837:parse successful
838:parse successful
839:parse successful
840:parse successful
841:parse successful
842:parse successful
843:parse successful
844:parse successful
845:parse successful
846:parse successful
847:parse successful
848:parse successful
849:parse successful
850:parse successful
851:parse successful
852:parse successful
853:parse successful
854:parse successful
855:parse successful
856:parse successful
857:parse successful
858:parse successful
859:parse successful
860:parse successful
861:parse successful
862:parse successful
863:parse successful
864:parse successful
865:parse successful
866:parse successful
867:parse successful
868:parse successful
869:parse successful
870:parse successful
871:parse successful
872:parse successful
873:parse successful
874:parse successful
875:parse successful
876:parse successful
877:parse successful
878:parse successful
879:parse successful
880:parse successful
881:parse successful
882:parse successful
883:parse successful
884:parse successful
885:parse successful
886:parse successful
887:parse successful
888:parse successful
889:parse successful
890:parse successful
891:parse successful
892:parse successful
893:parse successful
894:parse successful
895:parse successful
896:parse successful
897:parse successful
898:parse successful
899:parse successful
900:parse successful
901:parse successful
902:parse successful
903:parse successful
904:parse successful
905:parse successful
906:parse successful
907:parse successful
908:parse successful
909:parse successful
910:parse successful
911:parse successful
912:parse successful
913:parse successful
914:parse successful
915:parse successful
916:parse successful
917:parse successful
918:parse successful
919:parse successful
920:parse successful
921:parse successful
922:parse successful
923:parse successful
924:parse successful
925:parse successful
926:parse successful
927:parse successful
928:parse successful
929:parse successful
930:parse successful
931:parse successful
932:parse successful
933:parse successful
934:parse successful
935:parse successful
936:parse successful
937:parse successful
938:parse successful
939:parse successful
940:parse successful
941:parse successful
942:parse successful
943:parse successful
944:parse successful
945:parse successful
946:parse successful
947:parse successful
948:parse successful
949:parse successful
950:parse successful
951:parse successful
952:parse successful
953:parse successful
954:parse successful
955:parse successful
956:parse successful
957:parse successful
958:parse successful
959:parse successful
960:parse successful
961:parse successful
962:parse successful
963:parse successful
964:parse successful
965:parse successful
966:parse successful
967:parse successful
968:parse successful
969:parse successful
970:parse successful
971:parse successful
972:parse successful
973:parse successful
974:parse successful
975:parse successful
976:parse successful
977:parse successful
978:parse successful
979:parse successful
980:parse successful
981:parse successful
982:parse successful
983:parse successful
984:parse successful
985:parse successful
986:parse successful
987:parse successful
988:parse successful
989:parse successful
990:parse successful
991:parse successful
992:parse successful
993:parse successful
994:parse successful
995:parse successful
996:parse successful
997:parse successful
998:parse successful
999:parse successful
1000:parse successful
1001:parse successful
1002:parse successful
1003:parse successful
1004:parse successful
1005:parse successful
1006:parse successful
1007:parse successful
1008:parse successful
1009:parse successful
1010:parse successful
1011:parse successful
1012:parse successful
1013:parse successful
1014:parse successful
1015:parse successful
1016:parse successful
1017:parse successful
1018:parse successful
1019:parse successful
1020:parse successful
1021:parse successful
1022:parse successful
1023:parse successful
1024:parse successful
1025:parse successful
1026:parse successful
1027:parse successful
1028:parse successful
1029:parse successful
1030:parse successful
1031:parse successful
1032:parse successful
1033:parse successful
1034:parse successful
1035:parse successful
1036:parse successful
1037:parse successful
1038:parse successful
1039:parse successful
1040:parse successful
1041:parse successful
1042:parse successful
1043:parse successful
1044:parse successful
1045:parse successful
1046:parse successful
1047:parse successful
1048:parse successful
1049:parse successful
1050:parse successful
1051:parse successful
1052:parse successful
1053:parse successful
1054:parse successful
1055:parse successful
1056:parse successful
1057:parse successful
1058:parse successful
1059:parse successful
1060:parse successful
1061:parse successful
1062:parse successful
1063:parse successful
1064:parse successful
1065:parse successful
1066:parse successful
1067:parse successful
1068:parse successful
1069:parse successful
1070:parse successful
1071:missing binary rule (S[dcl]{X}\S[dcl]{X}) ((S[X]{X}\S[X]{X}<155>){Y}\(S[X]{X}\S[X]{X}<155>){Y}) (S[dcl]\S[dcl]) ((S\S)\(S\S)) (S[dcl]\S[dcl])
1072:parse successful
1073:parse successful
1074:parse successful
1075:parse successful
1076:parse successful
1077:parse successful
1078:parse successful
1079:parse successful
1080:parse successful
1081:parse successful
1082:parse successful
1083:parse successful
1084:parse successful
1085:parse successful
1086:parse successful
1087:parse successful
1088:parse successful
1089:parse successful
1090:parse successful
1091:parse successful
1092:parse successful
1093:parse successful
1094:parse successful
1095:parse successful
1096:parse successful
1097:parse successful
1098:parse successful
1099:parse successful
1100:parse successful
1101:parse successful
1102:parse successful
1103:parse successful
1104:parse successful
1105:parse successful
1106:parse successful
1107:missing binary rule (N{X}/N{X}<1>){Y} ((N{X}/N{X}<1>){Y}\(N{X}/N{X}<1>){Y}) (N/N) ((N/N)\(N/N)) ((N/N)\(N/N))
1108:parse successful
1109:parse successful
1110:parse successful
1111:parse successful
1112:parse successful
1113:parse successful
1114:parse successful
1115:parse successful
1116:parse successful
1117:parse successful
1118:parse successful
1119:parse successful
1120:parse successful
1121:parse successful
1122:parse successful
1123:parse successful
1124:parse successful
1125:parse successful
1126:parse successful
1127:parse successful
1128:parse successful
1129:parse successful
1130:parse successful
1131:parse successful
1132:parse successful
1133:parse successful
1134:parse successful
1135:parse successful
1136:parse successful
1137:parse successful
1138:parse successful
1139:parse successful
1140:parse successful
1141:parse successful
1142:parse successful
1143:parse successful
1144:parse successful
1145:parse successful
1146:parse successful
1147:parse successful
1148:parse successful
1149:parse successful
1150:parse successful
1151:parse successful
1152:parse successful
1153:parse successful
1154:parse successful
1155:parse successful
1156:parse successful
1157:parse successful
1158:parse successful
1159:parse successful
1160:parse successful
1161:parse successful
1162:parse successful
1163:parse successful
1164:parse successful
1165:parse successful
1166:parse successful
1167:parse successful
1168:parse successful
1169:parse successful
1170:parse successful
1171:parse successful
1172:parse successful
1173:parse successful
1174:parse successful
1175:parse successful
1176:parse successful
1177:parse successful
1178:parse successful
1179:parse successful
1180:parse successful
1181:parse successful
1182:parse successful
1183:parse successful
1184:parse successful
1185:parse successful
1186:parse successful
1187:parse successful
1188:parse successful
1189:parse successful
1190:parse successful
1191:parse successful
1192:parse successful
1193:parse successful
1194:parse successful
1195:parse successful
1196:parse successful
1197:parse successful
1198:parse successful
1199:parse successful
1200:parse successful
1201:parse successful
1202:parse successful
1203:parse successful
1204:parse successful
1205:parse successful
1206:parse successful
1207:parse successful
1208:parse successful
1209:parse successful
1210:parse successful
1211:parse successful
1212:parse successful
1213:parse successful
1214:parse successful
1215:parse successful
1216:parse successful
1217:parse successful
1218:parse successful
1219:parse successful
1220:parse successful
1221:parse successful
1222:parse successful
1223:parse successful
1224:parse successful
1225:parse successful
1226:parse successful
1227:parse successful
1228:parse successful
1229:parse successful
1230:parse successful
1231:parse successful
1232:parse successful
1233:parse successful
1234:parse successful
1235:parse successful
1236:parse successful
1237:parse successful
1238:parse successful
1239:parse successful
1240:parse successful
1241:parse successful
1242:parse successful
1243:parse successful
1244:parse successful
1245:parse successful
1246:parse successful
1247:parse successful
1248:parse successful
1249:parse successful
1250:parse successful
1251:parse successful
1252:parse successful
1253:parse successful
1254:parse successful
1255:parse successful
1256:parse successful
1257:parse successful
1258:parse successful
1259:parse successful
1260:parse successful
1261:parse successful
1262:parse successful
1263:parse successful
1264:parse successful
1265:parse successful
1266:parse successful
1267:parse successful
1268:parse successful
1269:parse successful
1270:parse successful
1271:parse successful
1272:parse successful
1273:parse successful
1274:parse successful
1275:parse successful
1276:parse successful
1277:parse successful
1278:parse successful
1279:parse successful
1280:parse successful
1281:parse successful
1282:parse successful
1283:parse successful
1284:parse successful
1285:parse successful
1286:parse successful
1287:parse successful
1288:parse successful
1289:parse successful
1290:parse successful
1291:parse successful
1292:parse successful
1293:parse successful
1294:parse successful
1295:parse successful
1296:parse successful
1297:parse successful
1298:parse successful
1299:parse successful
1300:parse successful
1301:parse successful
1302:parse successful
1303:parse successful
1304:parse successful
1305:parse successful
1306:parse successful
1307:parse successful
1308:parse successful
1309:parse successful
1310:parse successful
1311:parse successful
1312:parse successful
1313:parse successful
1314:parse successful
1315:parse successful
1316:parse successful
1317:parse successful
1318:parse successful
1319:parse successful
1320:parse successful
1321:parse successful
1322:parse successful
1323:parse successful
1324:parse successful
1325:parse successful
1326:parse successful
1327:parse successful
1328:parse successful
1329:parse successful
1330:parse successful
1331:parse successful
1332:parse successful
1333:parse successful
1334:parse successful
1335:parse successful
1336:parse successful
1337:parse successful
1338:parse successful
1339:parse successful
1340:parse successful
1341:parse successful
1342:parse successful
1343:parse successful
1344:parse successful
1345:parse successful
1346:parse successful
1347:parse successful
1348:parse successful
1349:parse successful
1350:parse successful
1351:parse successful
1352:parse successful
1353:parse successful
1354:parse successful
1355:parse successful
1356:parse successful
1357:parse successful
1358:parse successful
1359:parse successful
1360:parse successful
1361:parse successful
1362:parse successful
1363:parse successful
1364:parse successful
1365:parse successful
1366:parse successful
1367:parse successful
1368:parse successful
1369:parse successful
1370:parse successful
1371:parse successful
1372:parse successful
1373:parse successful
1374:parse successful
1375:parse successful
1376:parse successful
1377:parse successful
1378:parse successful
1379:parse successful
1380:parse successful
1381:parse successful
1382:parse successful
1383:parse successful
1384:parse successful
1385:parse successful
1386:parse successful
1387:parse successful
1388:parse successful
1389:parse successful
1390:parse successful
1391:parse successful
1392:parse successful
1393:parse successful
1394:parse successful
1395:parse successful
1396:parse successful
1397:parse successful
1398:parse successful
1399:parse successful
1400:parse successful
1401:parse successful
1402:parse successful
1403:parse successful
1404:parse successful
1405:parse successful
1406:parse successful
1407:parse successful
1408:parse successful
1409:parse successful
1410:parse successful
1411:parse successful
1412:parse successful
1413:parse successful
1414:parse successful
1415:parse successful
1416:parse successful
1417:parse successful
1418:parse successful
1419:parse successful
1420:parse successful
1421:parse successful
1422:parse successful
1423:parse successful
1424:parse successful
1425:parse successful
1426:parse successful
1427:parse successful
1428:parse successful
1429:parse successful
1430:parse successful
1431:parse successful
1432:parse successful
1433:parse successful
1434:parse successful
1435:parse successful
1436:parse successful
1437:parse successful
1438:parse successful
1439:parse successful
1440:parse successful
1441:parse successful
1442:parse successful
1443:parse successful
1444:parse successful
1445:parse successful
1446:parse successful
1447:parse successful
1448:parse successful
1449:missing binary rule ((NP{X}\NP{X}){Y}/(NP{X}\NP{X}){Y}<65>){Z} (NP{X}\NP{X}) ((NP\NP)/(NP\NP)) (NP\NP) (NP\NP)
1450:parse successful
1451:parse successful
1452:parse successful
1453:parse successful
1454:parse successful
1455:parse successful
1456:parse successful
1457:parse successful
1458:parse successful
1459:parse successful
1460:parse successful
1461:parse successful
1462:parse successful
1463:parse successful
1464:parse successful
1465:parse successful
1466:parse successful
1467:parse successful
1468:parse successful
1469:parse successful
1470:parse successful
1471:parse successful
1472:parse successful
1473:parse successful
1474:parse successful
1475:parse successful
1476:parse successful
1477:parse successful
1478:parse successful
1479:parse successful
1480:parse successful
1481:parse successful
1482:parse successful
1483:parse successful
1484:parse successful
1485:parse successful
1486:parse successful
1487:parse successful
1488:parse successful
1489:parse successful
1490:parse successful
1491:parse successful
1492:parse successful
1493:parse successful
1494:parse successful
1495:parse successful
1496:parse successful
1497:parse successful
1498:parse successful
1499:parse successful
1500:parse successful
1501:parse successful
1502:parse successful
1503:parse successful
1504:parse successful
1505:parse successful
1506:parse successful
1507:parse successful
1508:parse successful
1509:parse successful
1510:parse successful
1511:parse successful
1512:parse successful
1513:parse successful
1514:parse successful
1515:parse successful
1516:parse successful
1517:parse successful
1518:parse successful
1519:parse successful
1520:parse successful
1521:parse successful
1522:parse successful
1523:parse successful
1524:parse successful
1525:parse successful
1526:parse successful
1527:parse successful
1528:parse successful
1529:parse successful
1530:parse successful
1531:parse successful
1532:parse successful
1533:parse successful
1534:parse successful
1535:parse successful
1536:parse successful
1537:parse successful
1538:parse successful
1539:parse successful
1540:parse successful
1541:parse successful
1542:parse successful
1543:parse successful
1544:parse successful
1545:parse successful
1546:parse successful
1547:parse successful
1548:parse successful
1549:parse successful
1550:parse successful
1551:parse successful
1552:parse successful
1553:parse successful
1554:parse successful
1555:parse successful
1556:parse successful
1557:parse successful
1558:parse successful
1559:parse successful
1560:parse successful
1561:parse successful
1562:parse successful
1563:parse successful
1564:parse successful
1565:parse successful
1566:parse successful
1567:parse successful
1568:parse successful
1569:parse successful
1570:parse successful
1571:parse successful
1572:parse successful
1573:parse successful
1574:parse successful
1575:parse successful
1576:parse successful
1577:parse successful
1578:parse successful
1579:parse successful
1580:parse successful
1581:parse successful
1582:parse successful
1583:parse successful
1584:parse successful
1585:parse successful
1586:parse successful
1587:parse successful
1588:parse successful
1589:parse successful
1590:parse successful
1591:parse successful
1592:parse successful
1593:parse successful
1594:parse successful
1595:parse successful
1596:parse successful
1597:parse successful
1598:parse successful
1599:parse successful
1600:parse successful
1601:parse successful
1602:parse successful
1603:parse successful
1604:parse successful
1605:parse successful
1606:parse successful
1607:parse successful
1608:parse successful
1609:parse successful
1610:parse successful
1611:parse successful
1612:parse successful
1613:parse successful
1614:parse successful
1615:parse successful
1616:parse successful
1617:parse successful
1618:parse successful
1619:parse successful
1620:parse successful
1621:parse successful
1622:parse successful
1623:parse successful
1624:parse successful
1625:parse successful
1626:parse successful
1627:parse successful
1628:parse successful
1629:parse successful
1630:parse successful
1631:parse successful
1632:parse successful
1633:parse successful
1634:parse successful
1635:parse successful
1636:parse successful
1637:parse successful
1638:parse successful
1639:parse successful
1640:parse successful
1641:parse successful
1642:parse successful
1643:parse successful
1644:parse successful
1645:parse successful
1646:parse successful
1647:parse successful
1648:parse successful
1649:parse successful
1650:parse successful
1651:parse successful
1652:parse successful
1653:parse successful
1654:parse successful
1655:parse successful
1656:parse successful
1657:parse successful
1658:parse successful
1659:parse successful
1660:parse successful
1661:parse successful
1662:parse successful
1663:parse successful
1664:parse successful
1665:parse successful
1666:parse successful
1667:parse successful
1668:parse successful
1669:parse successful
1670:parse successful
1671:parse successful
1672:parse successful
1673:parse successful
1674:parse successful
1675:parse successful
1676:parse successful
1677:parse successful
1678:parse successful
1679:parse successful
1680:parse successful
1681:parse successful
1682:parse successful
1683:parse successful
1684:parse successful
1685:parse successful
1686:parse successful
1687:parse successful
1688:parse successful
1689:parse successful
1690:parse successful
1691:parse successful
1692:parse successful
1693:parse successful
1694:parse successful
1695:parse successful
1696:parse successful
1697:parse successful
1698:parse successful
1699:parse successful
1700:parse successful
1701:parse successful
1702:parse successful
1703:parse successful
1704:parse successful
1705:parse successful
1706:parse successful
1707:parse successful
1708:parse successful
1709:parse successful
1710:parse successful
1711:parse successful
1712:parse successful
1713:parse successful
1714:parse successful
1715:parse successful
1716:parse successful
1717:parse successful
1718:parse successful
1719:parse successful
1720:parse successful
1721:parse successful
1722:parse successful
1723:parse successful
1724:parse successful
1725:parse successful
1726:parse successful
1727:parse successful
1728:parse successful
1729:parse successful
1730:parse successful
1731:parse successful
1732:parse successful
1733:parse successful
1734:parse successful
1735:parse successful
1736:parse successful
1737:parse successful
1738:parse successful
1739:parse successful
1740:parse successful
1741:parse successful
1742:parse successful
1743:parse successful
1744:parse successful
1745:parse successful
1746:parse successful
1747:parse successful
1748:parse successful
1749:parse successful
1750:parse successful
1751:parse successful
1752:parse successful
1753:parse successful
1754:parse successful
1755:parse successful
1756:parse successful
1757:parse successful
1758:parse successful
1759:parse successful
1760:parse successful
1761:parse successful
1762:parse successful
1763:parse successful
1764:parse successful
1765:parse successful
1766:parse successful
1767:parse successful
1768:parse successful
1769:parse successful
1770:parse successful
1771:parse successful
1772:parse successful
1773:parse successful
1774:parse successful
1775:parse successful
1776:parse successful
1777:parse successful
1778:parse successful
1779:parse successful
1780:parse successful
1781:parse successful
1782:parse successful
1783:parse successful
1784:parse successful
1785:parse successful
1786:parse successful
1787:parse successful
1788:parse successful
1789:parse successful
1790:parse successful
1791:parse successful
1792:parse successful
1793:parse successful
1794:parse successful
1795:parse successful
1796:parse successful
1797:parse successful
1798:parse successful
1799:parse successful
1800:parse successful
1801:parse successful
1802:parse successful
1803:parse successful
1804:parse successful
1805:parse successful
1806:parse successful
1807:parse successful
1808:parse successful
1809:parse successful
1810:parse successful
1811:parse successful
1812:parse successful
1813:parse successful
1814:parse successful
1815:parse successful
1816:parse successful
1817:parse successful
1818:parse successful
1819:parse successful
1820:missing binary rule ((NP{X}\NP{X}){Y}/(NP{X}\NP{X}){Y}<65>){Z} (NP{X}\NP{X}) ((NP\NP)/(NP\NP)) (NP\NP) (NP\NP)
1821:missing binary rule ((NP{X}\NP{X}){Y}/(NP{X}\NP{X}){Y}<65>){Z} (NP[nb]{X}\NP[nb]{X}) ((NP\NP)/(NP\NP)) (NP[nb]\NP[nb]) (NP[nb]\NP[nb])
1822:parse successful
1823:parse successful
1824:parse successful
1825:parse successful
1826:parse successful
1827:parse successful
1828:parse successful
1829:parse successful
1830:parse successful
1831:parse successful
1832:parse successful
1833:parse successful
1834:parse successful
1835:parse successful
1836:parse successful
1837:parse successful
1838:parse successful
1839:parse successful
1840:parse successful
1841:parse successful
1842:parse successful
1843:parse successful
1844:parse successful
1845:parse successful
1846:parse successful
1847:parse successful
1848:parse successful
1849:parse successful
1850:parse successful
1851:parse successful
1852:parse successful
1853:parse successful
1854:parse successful
1855:parse successful
1856:parse successful
1857:parse successful
1858:parse successful
1859:parse successful
1860:parse successful
1861:parse successful
1862:parse successful
1863:parse successful
1864:parse successful
1865:parse successful
1866:parse successful
1867:parse successful
1868:parse successful
1869:parse successful
1870:parse successful
1871:parse successful
1872:parse successful
1873:parse successful
1874:parse successful
1875:parse successful
1876:missing binary rule (NP{X}\NP{X}) ((NP{X}\NP{X}){Y}\(NP{X}\NP{X}){Y}<249>){Z} (NP\NP) ((NP\NP)\(NP\NP)) (NP\NP)
1877:parse successful
1878:parse successful
1879:parse successful
1880:parse successful
1881:parse successful
1882:parse successful
1883:parse successful
1884:parse successful
1885:parse successful
1886:parse successful
1887:parse successful
1888:parse successful
1889:parse successful
1890:parse successful
1891:parse successful
1892:parse successful
1893:parse successful
1894:parse successful
1895:parse successful
1896:parse successful
1897:parse successful
1898:parse successful
1899:parse successful
1900:parse successful
1901:parse successful
1902:parse successful
1903:parse successful
1904:parse successful
1905:parse successful
1906:parse successful
1907:parse successful
1908:parse successful
1909:parse successful
1910:parse successful
1911:parse successful
1912:parse successful
1913:parse successful
1914:parse successful
1915:parse successful
1916:parse successful
1917:parse successful
1918:parse successful
1919:parse successful
1920:parse successful
1921:parse successful
1922:parse successful
1923:parse successful
1924:parse successful
1925:parse successful
1926:parse successful
1927:parse successful
1928:parse successful
1929:parse successful
1930:parse successful
1931:parse successful
1932:parse successful
1933:parse successful
1934:parse successful
1935:parse successful
1936:parse successful
1937:parse successful
1938:parse successful
1939:parse successful
1940:parse successful
1941:parse successful
1942:parse successful
1943:parse successful
1944:parse successful
1945:parse successful
1946:parse successful
1947:parse successful
1948:parse successful
1949:parse successful
1950:parse successful
1951:parse successful
1952:parse successful
1953:parse successful
1954:parse successful
1955:parse successful
1956:parse successful
1957:parse successful
1958:parse successful
1959:parse successful
1960:parse successful
1961:parse successful
1962:parse successful
1963:parse successful
1964:parse successful
1965:parse successful
1966:parse successful
1967:parse successful
1968:parse successful
1969:parse successful
1970:parse successful
1971:parse successful
1972:parse successful
1973:parse successful
1974:parse successful
1975:parse successful
1976:parse successful
1977:parse successful
1978:parse successful
1979:parse successful
1980:parse successful
1981:parse successful
1982:parse successful
1983:parse successful
1984:parse successful
1985:parse successful
1986:parse successful
1987:parse successful
1988:parse successful
1989:parse successful
1990:parse successful
1991:parse successful
1992:parse successful
1993:parse successful
1994:parse successful
1995:parse successful
1996:parse successful
1997:parse successful
1998:parse successful
1999:parse successful
2000:parse successful
2001:parse successful
2002:parse successful
2003:parse successful
2004:parse successful
2005:parse successful
2006:parse successful
2007:parse successful
2008:parse successful
2009:parse successful
2010:missing binary rule ((NP{X}\NP{X}){Y}/(NP{X}\NP{X}){Y}<65>){Z} (NP[nb]{X}\NP[nb]{X}) ((NP\NP)/(NP\NP)) (NP[nb]\NP[nb]) (NP[nb]\NP[nb])
2011:parse successful
2012:parse successful
2013:parse successful
2014:parse successful
2015:parse successful
2016:parse successful
2017:parse successful
2018:parse successful
2019:parse successful
2020:parse successful
2021:parse successful
2022:parse successful
2023:parse successful
2024:parse successful
2025:parse successful
2026:parse successful
2027:parse successful
2028:parse successful
2029:parse successful
2030:parse successful
2031:parse successful
2032:parse successful
2033:parse successful
2034:parse successful
2035:parse successful
2036:parse successful
2037:parse successful
2038:parse successful
2039:parse successful
2040:parse successful
2041:parse successful
2042:parse successful
2043:parse successful
2044:parse successful
2045:parse successful
2046:parse successful
2047:parse successful
2048:parse successful
2049:parse successful
2050:parse successful
2051:parse successful
2052:parse successful
2053:parse successful
2054:parse successful
2055:parse successful
2056:parse successful
2057:parse successful
2058:parse successful
2059:parse successful
2060:parse successful
2061:parse successful
2062:parse successful
2063:parse successful
2064:parse successful
2065:parse successful
2066:parse successful
2067:parse successful
2068:parse successful
2069:parse successful
2070:parse successful
2071:parse successful
2072:parse successful
2073:parse successful
2074:parse successful
2075:parse successful
2076:parse successful
2077:parse successful
2078:parse successful
2079:parse successful
2080:parse successful
2081:parse successful
2082:parse successful
2083:parse successful
2084:parse successful
2085:parse successful
2086:parse successful
2087:parse successful
2088:parse successful
2089:parse successful
2090:parse successful
2091:parse successful
2092:parse successful
2093:parse successful
2094:parse successful
2095:parse successful
2096:parse successful
2097:parse successful
2098:parse successful
2099:parse successful
2100:parse successful
2101:parse successful
2102:parse successful
2103:parse successful
2104:parse successful
2105:parse successful
2106:parse successful
2107:parse successful
2108:parse successful
2109:parse successful
2110:parse successful
2111:parse successful
2112:parse successful
2113:parse successful
2114:parse successful
2115:parse successful
2116:parse successful
2117:parse successful
2118:parse successful
2119:parse successful
2120:parse successful
2121:parse successful
2122:parse successful
2123:parse successful
2124:parse successful
2125:parse successful
2126:parse successful
2127:parse successful
2128:parse successful
2129:parse successful
2130:parse successful
2131:parse successful
2132:parse successful
2133:parse successful
2134:parse successful
2135:parse successful
2136:parse successful
2137:parse successful
2138:parse successful
2139:parse successful
2140:parse successful
2141:parse successful
2142:parse successful
2143:parse successful
2144:parse successful
2145:parse successful
2146:parse successful
2147:parse successful
2148:parse successful
2149:parse successful
2150:parse successful
2151:parse successful
2152:parse successful
2153:parse successful
2154:parse successful
2155:parse successful
2156:parse successful
2157:parse successful
2158:parse successful
2159:parse successful
2160:parse successful
2161:parse successful
2162:parse successful
2163:parse successful
2164:parse successful
2165:parse successful
2166:parse successful
2167:parse successful
2168:parse successful
2169:parse successful
2170:parse successful
2171:parse successful
2172:parse successful
2173:parse successful
2174:parse successful
2175:parse successful
2176:parse successful
2177:parse successful
2178:parse successful
2179:parse successful
2180:parse successful
2181:parse successful
2182:parse successful
2183:parse successful
2184:parse successful
2185:parse successful
2186:parse successful
2187:parse successful
2188:parse successful
2189:parse successful
2190:parse successful
2191:parse successful
2192:parse successful
2193:parse successful
2194:parse successful
2195:parse successful
2196:parse successful
2197:parse successful
2198:parse successful
2199:parse successful
2200:parse successful
2201:parse successful
2202:parse successful
2203:parse successful
2204:parse successful
2205:parse successful
2206:parse successful
2207:parse successful
2208:parse successful
2209:parse successful
2210:parse successful
2211:parse successful
2212:parse successful
2213:parse successful
2214:parse successful
2215:parse successful
2216:parse successful
2217:parse successful
2218:parse successful
2219:parse successful
2220:parse successful
2221:parse successful
2222:parse successful
2223:parse successful
2224:parse successful
2225:parse successful
2226:parse successful
2227:parse successful
2228:parse successful
2229:parse successful
2230:parse successful
2231:parse successful
2232:parse successful
2233:parse successful
2234:parse successful
2235:parse successful
2236:parse successful
2237:parse successful
2238:parse successful
2239:parse successful
2240:parse successful
2241:parse successful
2242:parse successful
2243:parse successful
2244:parse successful
2245:parse successful
2246:parse successful
2247:parse successful
2248:parse successful
2249:parse successful
2250:parse successful
2251:parse successful
2252:parse successful
2253:parse successful
2254:parse successful
2255:parse successful
2256:parse successful
2257:parse successful
2258:parse successful
2259:parse successful
2260:parse successful
2261:parse successful
2262:parse successful
2263:parse successful
2264:parse successful
2265:parse successful
2266:parse successful
2267:parse successful
2268:parse successful
2269:parse successful
2270:parse successful
2271:parse successful
2272:parse successful
2273:parse successful
2274:parse successful
2275:parse successful
2276:parse successful
2277:parse successful
2278:parse successful
2279:parse successful
2280:parse successful
2281:parse successful
2282:parse successful
2283:parse successful
2284:parse successful
2285:parse successful
2286:parse successful
2287:parse successful
2288:parse successful
2289:parse successful
2290:parse successful
2291:parse successful
2292:parse successful
2293:parse successful
2294:parse successful
2295:parse successful
2296:parse successful
2297:parse successful
2298:parse successful
2299:parse successful
2300:parse successful
2301:parse successful
2302:parse successful
2303:parse successful
2304:parse successful
2305:parse successful
2306:parse successful
2307:parse successful
2308:parse successful
2309:parse successful
2310:parse successful
2311:parse successful
2312:parse successful
2313:parse successful
2314:parse successful
2315:parse successful
2316:parse successful
2317:parse successful
2318:parse successful
2319:parse successful
2320:parse successful
2321:parse successful
2322:parse successful
2323:parse successful
2324:parse successful
2325:parse successful
2326:parse successful
2327:parse successful
2328:parse successful
2329:parse successful
2330:parse successful
2331:parse successful
2332:parse successful
2333:parse successful
2334:parse successful
2335:parse successful
2336:parse successful
2337:parse successful
2338:parse successful
2339:parse successful
2340:parse successful
2341:parse successful
2342:parse successful
2343:parse successful
2344:parse successful
2345:parse successful
2346:parse successful
2347:parse successful
2348:parse successful
2349:parse successful
2350:parse successful
2351:missing binary rule ((S[adj]{X}\NP{Y}){X}/(S[adj]{X}<57>\NP{Y}){X}){Z} (((S[adj]{X}\NP{Y}){X}/(S[adj]{X}<57>\NP{Y}){X}){Z}\((S[adj]{X}\NP{Y}){X}/(S[adj]{X}<57>\NP{Y}){X}){Z}) ((S[adj]\NP)/(S[adj]\NP)) (((S[adj]\NP)/(S[adj]\NP))\((S[adj]\NP)/(S[adj]\NP))) (((S[adj]\NP)/(S[adj]\NP))\((S[adj]\NP)/(S[adj]\NP)))
2352:parse successful
2353:parse successful
2354:parse successful
2355:parse successful
2356:parse successful
2357:parse successful
2358:parse successful
2359:parse successful
2360:parse successful
2361:parse successful
2362:parse successful
2363:parse successful
2364:parse successful
2365:parse successful
2366:parse successful
2367:parse successful
2368:parse successful
2369:parse successful
2370:parse successful
2371:parse successful
2372:parse successful
2373:parse successful
2374:parse successful
2375:parse successful
2376:parse successful
2377:parse successful
2378:parse successful
2379:parse successful
2380:parse successful
2381:parse successful
2382:parse successful
2383:parse successful
2384:parse successful
2385:parse successful
2386:parse successful
2387:parse successful
2388:parse successful
2389:parse successful
2390:parse successful
2391:parse successful
2392:parse successful
2393:parse successful
2394:parse successful
2395:parse successful
2396:parse successful
2397:parse successful
2398:parse successful
2399:parse successful
2400:parse successful
2401:parse successful
2402:parse successful
2403:parse successful
2404:parse successful
2405:parse successful
2406:parse successful
2407:parse successful
